0 info it worked if it ends with ok
1 verbose cli [ 'C:\\Program Files\\nodejs\\node.exe',
1 verbose cli   'C:\\Program Files\\nodejs\\node_modules\\npm\\bin\\npm-cli.js',
1 verbose cli   'run',
1 verbose cli   'start' ]
2 info using npm@4.1.2
3 info using node@v7.6.0
4 verbose run-script [ 'prestart', 'start', 'poststart' ]
5 info lifecycle rohit_sharma@0.1.0~prestart: rohit_sharma@0.1.0
6 silly lifecycle rohit_sharma@0.1.0~prestart: no script for prestart, continuing
7 info lifecycle rohit_sharma@0.1.0~start: rohit_sharma@0.1.0
8 verbose lifecycle rohit_sharma@0.1.0~start: unsafe-perm in lifecycle true
9 verbose lifecycle rohit_sharma@0.1.0~start: PATH: C:\Program Files\nodejs\node_modules\npm\bin\node-gyp-bin;C:\Users\Rohit Sharma\Desktop\Rohit_React_Final_Project\node_modules\.bin;C:\Windows\System32\Wbem;C:\Program Files (x86)\NVIDIA Corporation\PhysX\Common;C:\Program Files (x86)\Common Files\lenovo\easyplussdk\bin;C:\Program Files (x86)\Microsoft SQL Server\110\Tools\Binn\ManagementStudio\;C:\Program Files (x86)\Microsoft SQL Server\110\Tools\Binn\;C:\Program Files (x86)\Microsoft Visual Studio 11.0\Common7\IDE\PrivateAssemblies\;C:\Program Files (x86)\Microsoft SQL Server\110\DTS\Binn\;C:\Program Files (x86)\CloudFoundry;C:\Program Files\nodejs\;C:\Program Files\Java\jdk1.7.0_25\bin\;C:\Python33\;C:\Users\Rohit Sharma\AppData\Roaming\npm;C:\Program Files (x86)\Microsoft VS Code\bin
10 verbose lifecycle rohit_sharma@0.1.0~start: CWD: C:\Users\Rohit Sharma\Desktop\Rohit_React_Final_Project
11 silly lifecycle rohit_sharma@0.1.0~start: Args: [ '/d /s /c', 'react-scripts start' ]
12 silly lifecycle rohit_sharma@0.1.0~start: Returned: code: 3221225786  signal: null
13 info lifecycle rohit_sharma@0.1.0~start: Failed to exec start script
14 verbose stack Error: rohit_sharma@0.1.0 start: `react-scripts start`
14 verbose stack Exit status 3221225786
14 verbose stack     at EventEmitter.<anonymous> (C:\Program Files\nodejs\node_modules\npm\lib\utils\lifecycle.js:279:16)
14 verbose stack     at emitTwo (events.js:106:13)
14 verbose stack     at EventEmitter.emit (events.js:192:7)
14 verbose stack     at ChildProcess.<anonymous> (C:\Program Files\nodejs\node_modules\npm\lib\utils\spawn.js:40:14)
14 verbose stack     at emitTwo (events.js:106:13)
14 verbose stack     at ChildProcess.emit (events.js:192:7)
14 verbose stack     at maybeClose (internal/child_process.js:890:16)
14 verbose stack     at Process.ChildProcess._handle.onexit (internal/child_process.js:226:5)
15 verbose pkgid rohit_sharma@0.1.0
16 verbose cwd C:\Users\Rohit Sharma\Desktop\Rohit_React_Final_Project
17 error Windows_NT 6.2.9200
18 error argv "C:\\Program Files\\nodejs\\node.exe" "C:\\Program Files\\nodejs\\node_modules\\npm\\bin\\npm-cli.js" "run" "start"
19 error node v7.6.0
20 error npm  v4.1.2
21 error code ELIFECYCLE
22 error rohit_sharma@0.1.0 start: `react-scripts start`
22 error Exit status 3221225786
23 error Failed at the rohit_sharma@0.1.0 start script 'react-scripts start'.
23 error Make sure you have the latest version of node.js and npm installed.
23 error If you do, this is most likely a problem with the rohit_sharma package,
23 error not with npm itself.
23 error Tell the author that this fails on your system:
23 error     react-scripts start
23 error You can get information on how to open an issue for this project with:
23 error     npm bugs rohit_sharma
23 error Or if that isn't available, you can get their info via:
23 error     npm owner ls rohit_sharma
23 error There is likely additional logging output above.
24 verbose exit [ 1, true ]
